<?xml version="1.0" encoding="UTF-8"?>
<!-- Generated by org.testng.reporters.JUnitXMLReporter -->
<testsuite ignored="0" hostname="DESKTOP-MVC5RA3" failures="0" tests="4" name="Default test" time="13.289" errors="0" timestamp="2022-07-07T00:37:46 IST">
  <testcase classname="com.qa.dataDrivenTesting.DataDrivenTest" name="loginTest" time="6.369"/>
  <testcase classname="com.qa.dataDrivenTesting.DataDrivenTest" name="loginTest" time="1.422"/>
  <testcase classname="com.qa.dataDrivenTesting.DataDrivenTest" name="loginTest" time="1.126"/>
  <testcase classname="com.qa.dataDrivenTesting.DataDrivenTest" name="loginTest" time="1.122"/>
</testsuite> <!-- Default test -->
