<?xml version="1.0" encoding="UTF-8"?>
<testng-results ignored="0" total="4" passed="4" failed="0" skipped="0">
  <reporter-output>
  </reporter-output>
  <suite started-at="2022-07-07T00:37:33 IST" name="Default suite" finished-at="2022-07-07T00:37:46 IST" duration-ms="13289">
    <groups>
    </groups>
    <test started-at="2022-07-07T00:37:33 IST" name="Default test" finished-at="2022-07-07T00:37:46 IST" duration-ms="13289">
      <class name="com.qa.dataDrivenTesting.DataDrivenTest">
        <test-method is-config="true" signature="setup()[pri:0, instance:com.qa.dataDrivenTesting.DataDrivenTest@27462a88]" started-at="2022-07-07T00:37:33 IST" name="setup" finished-at="2022-07-07T00:37:36 IST" duration-ms="3038" status="PASS">
          <reporter-output>
          </reporter-output>
        </test-method> <!-- setup -->
        <test-method signature="loginTest(java.lang.String,java.lang.String,java.lang.String)[pri:0, instance:com.qa.dataDrivenTesting.DataDrivenTest@27462a88]" started-at="2022-07-07T00:37:36 IST" name="loginTest" data-provider="LoginData" finished-at="2022-07-07T00:37:42 IST" duration-ms="6369" status="PASS">
          <params>
            <param index="0">
              <value>
                <![CDATA[admin@yourstore.com]]>
              </value>
            </param>
            <param index="1">
              <value>
                <![CDATA[admin]]>
              </value>
            </param>
            <param index="2">
              <value>
                <![CDATA[Valid]]>
              </value>
            </param>
          </params>
          <reporter-output>
          </reporter-output>
        </test-method> <!-- loginTest -->
        <test-method signature="loginTest(java.lang.String,java.lang.String,java.lang.String)[pri:0, instance:com.qa.dataDrivenTesting.DataDrivenTest@27462a88]" started-at="2022-07-07T00:37:42 IST" name="loginTest" data-provider="LoginData" finished-at="2022-07-07T00:37:44 IST" duration-ms="1422" status="PASS">
          <params>
            <param index="0">
              <value>
                <![CDATA[admin@yourstore.com]]>
              </value>
            </param>
            <param index="1">
              <value>
                <![CDATA[adm]]>
              </value>
            </param>
            <param index="2">
              <value>
                <![CDATA[Invalid]]>
              </value>
            </param>
          </params>
          <reporter-output>
          </reporter-output>
        </test-method> <!-- loginTest -->
        <test-method signature="loginTest(java.lang.String,java.lang.String,java.lang.String)[pri:0, instance:com.qa.dataDrivenTesting.DataDrivenTest@27462a88]" started-at="2022-07-07T00:37:44 IST" name="loginTest" data-provider="LoginData" finished-at="2022-07-07T00:37:45 IST" duration-ms="1126" status="PASS">
          <params>
            <param index="0">
              <value>
                <![CDATA[adm@yourstore.com]]>
              </value>
            </param>
            <param index="1">
              <value>
                <![CDATA[admin]]>
              </value>
            </param>
            <param index="2">
              <value>
                <![CDATA[Invalid]]>
              </value>
            </param>
          </params>
          <reporter-output>
          </reporter-output>
        </test-method> <!-- loginTest -->
        <test-method signature="loginTest(java.lang.String,java.lang.String,java.lang.String)[pri:0, instance:com.qa.dataDrivenTesting.DataDrivenTest@27462a88]" started-at="2022-07-07T00:37:45 IST" name="loginTest" data-provider="LoginData" finished-at="2022-07-07T00:37:46 IST" duration-ms="1122" status="PASS">
          <params>
            <param index="0">
              <value>
                <![CDATA[adm@yourstore.com]]>
              </value>
            </param>
            <param index="1">
              <value>
                <![CDATA[adm]]>
              </value>
            </param>
            <param index="2">
              <value>
                <![CDATA[Invalid]]>
              </value>
            </param>
          </params>
          <reporter-output>
          </reporter-output>
        </test-method> <!-- loginTest -->
        <test-method is-config="true" signature="tearDown()[pri:0, instance:com.qa.dataDrivenTesting.DataDrivenTest@27462a88]" started-at="2022-07-07T00:37:46 IST" name="tearDown" finished-at="2022-07-07T00:37:46 IST" duration-ms="149" status="PASS">
          <reporter-output>
          </reporter-output>
        </test-method> <!-- tearDown -->
      </class> <!-- com.qa.dataDrivenTesting.DataDrivenTest -->
    </test> <!-- Default test -->
  </suite> <!-- Default suite -->
</testng-results>
